시작 시간: Sat 24 May 2025 07:30:18 PM KST
실행 노드: moana-r4
GPU 정보: GPU 0: NVIDIA GeForce RTX 3090 (UUID: GPU-05a8230b-1c8a-2bd5-fee4-6e1fdf92a8cb)
==========================================================
실행 설정: gpu_336-96
시작 시간: Sat 24 May 2025 07:30:18 PM KST
==========================================================
사용할 배치 크기: 32
test 622
>>>>>>>start training : DPAD_GCN_gpu_ftM_sl336_pl96_imp6_lr0.0001_bs32_eh256_dh256_l2_dp0.1_itr0>>>>>>>>>>>>>>>>>>>>>>>>>>
train 2078
val 264
test 622
exp/run_GPU_336_96/DPAD_GCN_gpu_ftM_sl336_pl96_imp6_lr0.0001_bs32_eh256_dh256_l2_dp0.1_itr0
Epoch: 1 cost time: 10.32s
--------start to validate-----------
-----------valid Results-----------
|  Normed  | mse:1.2693 | mae:0.7252 | rmse:1.1266 | mape:0.2173 |
--------start to test-----------
-----------test Results-----------
|  Normed  | mse:10.8008 | mae:2.7618 | rmse:3.2865 | mape:0.4062 |
Epoch: 1 | Train Loss: 0.1519300 | Valid Loss: 0.8047345 Valid Metrics: [mae: 0.7252001, mse: 1.2692665, rmse: 1.1266173, mape: 0.2172905]
Epoch: 1 | Test Loss: 2.7592527 Test Metrics: [mae: 2.7618055, mse: 10.8007765, rmse: 3.2864535, mape: 0.4062461]
Validation loss decreased (inf --> 0.804734).  Saving model ...
Updating learning rate to 9.5e-05
Epoch: 2 cost time: 6.88s
--------start to validate-----------
-----------valid Results-----------
|  Normed  | mse:1.3043 | mae:0.7447 | rmse:1.1421 | mape:0.2287 |
--------start to test-----------
-----------test Results-----------
|  Normed  | mse:14.5095 | mae:3.2228 | rmse:3.8091 | mape:0.4736 |
Epoch: 2 | Train Loss: 0.0998970 | Valid Loss: 0.8160398 Valid Metrics: [mae: 0.7446502, mse: 1.3043272, rmse: 1.1420715, mape: 0.2286822]
Epoch: 2 | Test Loss: 3.2114564 Test Metrics: [mae: 3.2228200, mse: 14.5094776, rmse: 3.8091309, mape: 0.4735505]
EarlyStopping counter: 1 out of 5
Updating learning rate to 9.025e-05
Epoch: 3 cost time: 6.86s
--------start to validate-----------
-----------valid Results-----------
|  Normed  | mse:1.3419 | mae:0.7561 | rmse:1.1584 | mape:0.2356 |
--------start to test-----------
-----------test Results-----------
|  Normed  | mse:15.7893 | mae:3.3529 | rmse:3.9736 | mape:0.4915 |
Epoch: 3 | Train Loss: 0.0866596 | Valid Loss: 0.8248943 Valid Metrics: [mae: 0.7561433, mse: 1.3419391, rmse: 1.1584209, mape: 0.2355753]
Epoch: 3 | Test Loss: 3.3384649 Test Metrics: [mae: 3.3529303, mse: 15.7892675, rmse: 3.9735711, mape: 0.4915255]
EarlyStopping counter: 2 out of 5
Updating learning rate to 8.573749999999999e-05
Epoch: 4 cost time: 6.86s
--------start to validate-----------
-----------valid Results-----------
|  Normed  | mse:1.3506 | mae:0.7507 | rmse:1.1622 | mape:0.2328 |
--------start to test-----------
-----------test Results-----------
|  Normed  | mse:17.6715 | mae:3.5285 | rmse:4.2037 | mape:0.5157 |
Epoch: 4 | Train Loss: 0.0854328 | Valid Loss: 0.8192353 Valid Metrics: [mae: 0.7506621, mse: 1.3506310, rmse: 1.1621665, mape: 0.2328039]
Epoch: 4 | Test Loss: 3.5129998 Test Metrics: [mae: 3.5284870, mse: 17.6715012, rmse: 4.2037487, mape: 0.5157080]
EarlyStopping counter: 3 out of 5
Updating learning rate to 8.1450625e-05
Epoch: 5 cost time: 6.86s
--------start to validate-----------
-----------valid Results-----------
|  Normed  | mse:1.3170 | mae:0.7430 | rmse:1.1476 | mape:0.2294 |
--------start to test-----------
-----------test Results-----------
|  Normed  | mse:15.6974 | mae:3.3406 | rmse:3.9620 | mape:0.4895 |
Epoch: 5 | Train Loss: 0.0827858 | Valid Loss: 0.8134343 Valid Metrics: [mae: 0.7430271, mse: 1.3170313, rmse: 1.1476198, mape: 0.2294243]
Epoch: 5 | Test Loss: 3.3283186 Test Metrics: [mae: 3.3405974, mse: 15.6973991, rmse: 3.9619944, mape: 0.4895143]
EarlyStopping counter: 4 out of 5
Updating learning rate to 7.737809374999998e-05
Epoch: 6 cost time: 6.86s
--------start to validate-----------
-----------valid Results-----------
|  Normed  | mse:1.3337 | mae:0.7409 | rmse:1.1549 | mape:0.2279 |
--------start to test-----------
-----------test Results-----------
|  Normed  | mse:18.8399 | mae:3.6418 | rmse:4.3405 | mape:0.5311 |
Epoch: 6 | Train Loss: 0.0773220 | Valid Loss: 0.8129794 Valid Metrics: [mae: 0.7408603, mse: 1.3337340, rmse: 1.1548741, mape: 0.2279316]
Epoch: 6 | Test Loss: 3.6248239 Test Metrics: [mae: 3.6418378, mse: 18.8398781, rmse: 4.3404927, mape: 0.5311443]
EarlyStopping counter: 5 out of 5
Early stopping
Total training time: 56.37 seconds (0.94 minutes)
save model in  exp/run_GPU_336_96/DPAD_GCN_gpu_ftM_sl336_pl96_imp6_lr0.0001_bs32_eh256_dh256_l2_dp0.1_itr0/gpu96.bin
>>>>>>>testing : DPAD_GCN_gpu_ftM_sl336_pl96_imp6_lr0.0001_bs32_eh256_dh256_l2_dp0.1_itr0<<<<<<<<<<<<<<<<<<<<<<<<<<<<<<<<<
Test Results:
|  Normed  | mse:18.8399 | mae:3.6418 | rmse:4.3405 | mape:0.5311 |
Training Time: 56.37 seconds (0.94 minutes)
시각화 이미지 저장 완료: exp/ETT_results/DPAD_GCN_gpu_ftM_sl336_pl96_imp6_lr0.0001_bs32_eh256_dh256_l2_dp0.1_itr0/
- prediction_results.png: 예측 결과 시각화
- analysis_summary.png: 분석 요약 대시보드
Final mean normed mse:18.8399, mae:3.6418, rmse:4.3405, mape:0.5311, training_time:56.37s
성공: gpu_336-96
완료 시간: Sat 24 May 2025 07:31:29 PM KST

==========================================================
실행 설정: gpu_336-192
시작 시간: Sat 24 May 2025 07:31:29 PM KST
==========================================================
사용할 배치 크기: 32
test 526
>>>>>>>start training : DPAD_GCN_gpu_ftM_sl336_pl192_imp6_lr0.0001_bs32_eh256_dh256_l2_dp0.1_itr0>>>>>>>>>>>>>>>>>>>>>>>>>>
train 1982
val 168
test 526
exp/run_GPU_336_192/DPAD_GCN_gpu_ftM_sl336_pl192_imp6_lr0.0001_bs32_eh256_dh256_l2_dp0.1_itr0
Epoch: 1 cost time: 10.11s
--------start to validate-----------
-----------valid Results-----------
|  Normed  | mse:1.7574 | mae:0.8476 | rmse:1.3257 | mape:0.2495 |
--------start to test-----------
-----------test Results-----------
|  Normed  | mse:12.3487 | mae:2.9193 | rmse:3.5141 | mape:0.4313 |
Epoch: 1 | Train Loss: 0.2119232 | Valid Loss: 0.9594155 Valid Metrics: [mae: 0.8475796, mse: 1.7574276, rmse: 1.3256800, mape: 0.2495433]
Epoch: 1 | Test Loss: 2.9341197 Test Metrics: [mae: 2.9192653, mse: 12.3487234, rmse: 3.5140750, mape: 0.4313321]
Validation loss decreased (inf --> 0.959415).  Saving model ...
Updating learning rate to 9.5e-05
Epoch: 2 cost time: 6.64s
--------start to validate-----------
-----------valid Results-----------
|  Normed  | mse:1.6771 | mae:0.8251 | rmse:1.2950 | mape:0.2551 |
--------start to test-----------
-----------test Results-----------
|  Normed  | mse:32.0245 | mae:4.7119 | rmse:5.6590 | mape:0.6794 |
Epoch: 2 | Train Loss: 0.1383124 | Valid Loss: 0.9315514 Valid Metrics: [mae: 0.8250909, mse: 1.6771172, rmse: 1.2950356, mape: 0.2550514]
Epoch: 2 | Test Loss: 4.7285207 Test Metrics: [mae: 4.7118592, mse: 32.0244827, rmse: 5.6590180, mape: 0.6793569]
Validation loss decreased (0.959415 --> 0.931551).  Saving model ...
Updating learning rate to 9.025e-05
Epoch: 3 cost time: 6.66s
--------start to validate-----------
-----------valid Results-----------
|  Normed  | mse:1.5366 | mae:0.8030 | rmse:1.2396 | mape:0.2454 |
--------start to test-----------
-----------test Results-----------
|  Normed  | mse:27.7867 | mae:4.2821 | rmse:5.2713 | mape:0.6173 |
Epoch: 3 | Train Loss: 0.1285434 | Valid Loss: 0.9095944 Valid Metrics: [mae: 0.8029757, mse: 1.5366240, rmse: 1.2396064, mape: 0.2454150]
Epoch: 3 | Test Loss: 4.2891703 Test Metrics: [mae: 4.2820501, mse: 27.7867165, rmse: 5.2713108, mape: 0.6173149]
Validation loss decreased (0.931551 --> 0.909594).  Saving model ...
Updating learning rate to 8.573749999999999e-05
Epoch: 4 cost time: 6.61s
--------start to validate-----------
-----------valid Results-----------
|  Normed  | mse:1.6524 | mae:0.8132 | rmse:1.2855 | mape:0.2509 |
--------start to test-----------
-----------test Results-----------
|  Normed  | mse:53.5020 | mae:5.9598 | rmse:7.3145 | mape:0.8494 |
Epoch: 4 | Train Loss: 0.1218484 | Valid Loss: 0.9258458 Valid Metrics: [mae: 0.8132482, mse: 1.6523972, rmse: 1.2854561, mape: 0.2509315]
Epoch: 4 | Test Loss: 5.9555649 Test Metrics: [mae: 5.9597650, mse: 53.5020103, rmse: 7.3145070, mape: 0.8494158]
EarlyStopping counter: 1 out of 5
Updating learning rate to 8.1450625e-05
Epoch: 5 cost time: 6.63s
--------start to validate-----------
-----------valid Results-----------
|  Normed  | mse:1.6437 | mae:0.8025 | rmse:1.2821 | mape:0.2470 |
--------start to test-----------
-----------test Results-----------
|  Normed  | mse:67.5462 | mae:6.4519 | rmse:8.2186 | mape:0.9139 |
Epoch: 5 | Train Loss: 0.1175855 | Valid Loss: 0.9064031 Valid Metrics: [mae: 0.8024659, mse: 1.6437345, rmse: 1.2820821, mape: 0.2469689]
Epoch: 5 | Test Loss: 6.4278725 Test Metrics: [mae: 6.4518580, mse: 67.5462112, rmse: 8.2186499, mape: 0.9138867]
Validation loss decreased (0.909594 --> 0.906403).  Saving model ...
Updating learning rate to 7.737809374999998e-05
Epoch: 6 cost time: 6.62s
--------start to validate-----------
-----------valid Results-----------
|  Normed  | mse:1.6934 | mae:0.8034 | rmse:1.3013 | mape:0.2458 |
--------start to test-----------
-----------test Results-----------
|  Normed  | mse:56.3191 | mae:6.0415 | rmse:7.5046 | mape:0.8606 |
Epoch: 6 | Train Loss: 0.1140335 | Valid Loss: 0.9087927 Valid Metrics: [mae: 0.8034121, mse: 1.6934086, rmse: 1.3013103, mape: 0.2457736]
Epoch: 6 | Test Loss: 6.0225320 Test Metrics: [mae: 6.0414557, mse: 56.3190804, rmse: 7.5046039, mape: 0.8605778]
EarlyStopping counter: 1 out of 5
Updating learning rate to 7.350918906249998e-05
Epoch: 7 cost time: 6.70s
--------start to validate-----------
-----------valid Results-----------
|  Normed  | mse:1.5615 | mae:0.7731 | rmse:1.2496 | mape:0.2324 |
--------start to test-----------
-----------test Results-----------
|  Normed  | mse:52.2124 | mae:5.7949 | rmse:7.2258 | mape:0.8277 |
Epoch: 7 | Train Loss: 0.1110068 | Valid Loss: 0.8830900 Valid Metrics: [mae: 0.7730948, mse: 1.5614674, rmse: 1.2495869, mape: 0.2324149]
Epoch: 7 | Test Loss: 5.7756397 Test Metrics: [mae: 5.7948923, mse: 52.2124290, rmse: 7.2258167, mape: 0.8276990]
Validation loss decreased (0.906403 --> 0.883090).  Saving model ...
Updating learning rate to 6.983372960937497e-05
Epoch: 8 cost time: 6.63s
--------start to validate-----------
-----------valid Results-----------
|  Normed  | mse:1.8596 | mae:0.8428 | rmse:1.3637 | mape:0.2601 |
--------start to test-----------
-----------test Results-----------
|  Normed  | mse:77.8126 | mae:6.9188 | rmse:8.8211 | mape:0.9790 |
Epoch: 8 | Train Loss: 0.1086506 | Valid Loss: 0.9492823 Valid Metrics: [mae: 0.8427719, mse: 1.8596039, rmse: 1.3636730, mape: 0.2600963]
Epoch: 8 | Test Loss: 6.8882865 Test Metrics: [mae: 6.9187746, mse: 77.8126068, rmse: 8.8211451, mape: 0.9790387]
EarlyStopping counter: 1 out of 5
Updating learning rate to 6.634204312890623e-05
Epoch: 9 cost time: 6.65s
--------start to validate-----------
-----------valid Results-----------
|  Normed  | mse:1.7116 | mae:0.8090 | rmse:1.3083 | mape:0.2458 |
--------start to test-----------
-----------test Results-----------
|  Normed  | mse:61.9938 | mae:6.2355 | rmse:7.8736 | mape:0.8874 |
Epoch: 9 | Train Loss: 0.1068576 | Valid Loss: 0.9140648 Valid Metrics: [mae: 0.8090071, mse: 1.7115687, rmse: 1.3082694, mape: 0.2457843]
Epoch: 9 | Test Loss: 6.2072774 Test Metrics: [mae: 6.2354922, mse: 61.9937706, rmse: 7.8736124, mape: 0.8874329]
EarlyStopping counter: 2 out of 5
Updating learning rate to 6.30249409724609e-05
Epoch: 10 cost time: 6.63s
--------start to validate-----------
-----------valid Results-----------
|  Normed  | mse:1.6322 | mae:0.7920 | rmse:1.2776 | mape:0.2387 |
--------start to test-----------
-----------test Results-----------
|  Normed  | mse:66.0209 | mae:6.2881 | rmse:8.1253 | mape:0.8925 |
Epoch: 10 | Train Loss: 0.1055952 | Valid Loss: 0.8984296 Valid Metrics: [mae: 0.7920483, mse: 1.6322143, rmse: 1.2775815, mape: 0.2386643]
Epoch: 10 | Test Loss: 6.2569500 Test Metrics: [mae: 6.2881174, mse: 66.0208893, rmse: 8.1253242, mape: 0.8924853]
EarlyStopping counter: 3 out of 5
Updating learning rate to 5.987369392383787e-05
Epoch: 11 cost time: 6.65s
--------start to validate-----------
-----------valid Results-----------
|  Normed  | mse:1.6104 | mae:0.7738 | rmse:1.2690 | mape:0.2329 |
--------start to test-----------
-----------test Results-----------
|  Normed  | mse:74.2994 | mae:6.6801 | rmse:8.6197 | mape:0.9470 |
Epoch: 11 | Train Loss: 0.1040034 | Valid Loss: 0.8846314 Valid Metrics: [mae: 0.7737852, mse: 1.6104220, rmse: 1.2690240, mape: 0.2329209]
Epoch: 11 | Test Loss: 6.6446725 Test Metrics: [mae: 6.6800642, mse: 74.2994232, rmse: 8.6197109, mape: 0.9469954]
EarlyStopping counter: 4 out of 5
Updating learning rate to 5.688000922764597e-05
Epoch: 12 cost time: 6.62s
--------start to validate-----------
-----------valid Results-----------
|  Normed  | mse:1.6231 | mae:0.7614 | rmse:1.2740 | mape:0.2284 |
--------start to test-----------
-----------test Results-----------
|  Normed  | mse:76.1387 | mae:6.8016 | rmse:8.7257 | mape:0.9637 |
Epoch: 12 | Train Loss: 0.1017172 | Valid Loss: 0.8738066 Valid Metrics: [mae: 0.7613794, mse: 1.6230942, rmse: 1.2740072, mape: 0.2284188]
Epoch: 12 | Test Loss: 6.7671197 Test Metrics: [mae: 6.8015814, mse: 76.1386566, rmse: 8.7257471, mape: 0.9637279]
Validation loss decreased (0.883090 --> 0.873807).  Saving model ...
Updating learning rate to 5.403600876626367e-05
Epoch: 13 cost time: 6.65s
--------start to validate-----------
-----------valid Results-----------
|  Normed  | mse:1.7470 | mae:0.8091 | rmse:1.3217 | mape:0.2441 |
--------start to test-----------
-----------test Results-----------
|  Normed  | mse:56.5467 | mae:5.9065 | rmse:7.5198 | mape:0.8414 |
Epoch: 13 | Train Loss: 0.1013183 | Valid Loss: 0.9171317 Valid Metrics: [mae: 0.8091256, mse: 1.7470118, rmse: 1.3217458, mape: 0.2441318]
Epoch: 13 | Test Loss: 5.8739508 Test Metrics: [mae: 5.9065280, mse: 56.5466537, rmse: 7.5197511, mape: 0.8414063]
EarlyStopping counter: 1 out of 5
Updating learning rate to 5.1334208327950485e-05
Epoch: 14 cost time: 6.60s
--------start to validate-----------
-----------valid Results-----------
|  Normed  | mse:1.5544 | mae:0.7439 | rmse:1.2467 | mape:0.2222 |
--------start to test-----------
-----------test Results-----------
|  Normed  | mse:75.1649 | mae:6.6989 | rmse:8.6698 | mape:0.9483 |
Epoch: 14 | Train Loss: 0.0989814 | Valid Loss: 0.8573225 Valid Metrics: [mae: 0.7438784, mse: 1.5543544, rmse: 1.2467375, mape: 0.2222482]
Epoch: 14 | Test Loss: 6.6610049 Test Metrics: [mae: 6.6989031, mse: 75.1649475, rmse: 8.6697721, mape: 0.9482970]
Validation loss decreased (0.873807 --> 0.857323).  Saving model ...
Updating learning rate to 4.876749791155295e-05
Epoch: 15 cost time: 6.65s
--------start to validate-----------
-----------valid Results-----------
|  Normed  | mse:1.6304 | mae:0.7619 | rmse:1.2769 | mape:0.2285 |
--------start to test-----------
-----------test Results-----------
|  Normed  | mse:77.6267 | mae:6.8700 | rmse:8.8106 | mape:0.9740 |
Epoch: 15 | Train Loss: 0.0996931 | Valid Loss: 0.8773656 Valid Metrics: [mae: 0.7619134, mse: 1.6304425, rmse: 1.2768878, mape: 0.2285352]
Epoch: 15 | Test Loss: 6.8285383 Test Metrics: [mae: 6.8699651, mse: 77.6267014, rmse: 8.8106012, mape: 0.9739818]
EarlyStopping counter: 1 out of 5
Updating learning rate to 4.6329123015975305e-05
Epoch: 16 cost time: 6.61s
--------start to validate-----------
-----------valid Results-----------
|  Normed  | mse:1.5628 | mae:0.7489 | rmse:1.2501 | mape:0.2215 |
--------start to test-----------
-----------test Results-----------
|  Normed  | mse:60.4024 | mae:6.0753 | rmse:7.7719 | mape:0.8649 |
Epoch: 16 | Train Loss: 0.0969462 | Valid Loss: 0.8625478 Valid Metrics: [mae: 0.7489239, mse: 1.5627987, rmse: 1.2501194, mape: 0.2214889]
Epoch: 16 | Test Loss: 6.0438137 Test Metrics: [mae: 6.0753298, mse: 60.4023819, rmse: 7.7718968, mape: 0.8649266]
EarlyStopping counter: 2 out of 5
Updating learning rate to 4.4012666865176535e-05
Epoch: 17 cost time: 6.62s
--------start to validate-----------
-----------valid Results-----------
|  Normed  | mse:1.6032 | mae:0.7500 | rmse:1.2662 | mape:0.2200 |
--------start to test-----------
-----------test Results-----------
|  Normed  | mse:72.4430 | mae:6.6123 | rmse:8.5113 | mape:0.9387 |
Epoch: 17 | Train Loss: 0.0965923 | Valid Loss: 0.8667904 Valid Metrics: [mae: 0.7500163, mse: 1.6032048, rmse: 1.2661773, mape: 0.2200228]
Epoch: 17 | Test Loss: 6.5705869 Test Metrics: [mae: 6.6123052, mse: 72.4430237, rmse: 8.5113468, mape: 0.9386563]
EarlyStopping counter: 3 out of 5
Updating learning rate to 4.181203352191771e-05
Epoch: 18 cost time: 6.61s
--------start to validate-----------
-----------valid Results-----------
|  Normed  | mse:1.5997 | mae:0.7473 | rmse:1.2648 | mape:0.2187 |
--------start to test-----------
-----------test Results-----------
|  Normed  | mse:84.1190 | mae:7.0089 | rmse:9.1716 | mape:0.9917 |
Epoch: 18 | Train Loss: 0.0954961 | Valid Loss: 0.8684357 Valid Metrics: [mae: 0.7473482, mse: 1.5996820, rmse: 1.2647853, mape: 0.2187170]
Epoch: 18 | Test Loss: 6.9619127 Test Metrics: [mae: 7.0088992, mse: 84.1190262, rmse: 9.1716423, mape: 0.9917493]
EarlyStopping counter: 4 out of 5
Updating learning rate to 3.972143184582182e-05
Epoch: 19 cost time: 6.62s
--------start to validate-----------
-----------valid Results-----------
|  Normed  | mse:1.6085 | mae:0.7416 | rmse:1.2683 | mape:0.2192 |
--------start to test-----------
-----------test Results-----------
|  Normed  | mse:82.1015 | mae:6.9991 | rmse:9.0610 | mape:0.9912 |
Epoch: 19 | Train Loss: 0.0949088 | Valid Loss: 0.8543768 Valid Metrics: [mae: 0.7415548, mse: 1.6085025, rmse: 1.2682675, mape: 0.2191649]
Epoch: 19 | Test Loss: 6.9550463 Test Metrics: [mae: 6.9991331, mse: 82.1014557, rmse: 9.0609856, mape: 0.9912110]
Validation loss decreased (0.857323 --> 0.854377).  Saving model ...
Updating learning rate to 3.7735360253530726e-05
Epoch: 20 cost time: 6.61s
--------start to validate-----------
-----------valid Results-----------
|  Normed  | mse:1.7050 | mae:0.7685 | rmse:1.3057 | mape:0.2272 |
--------start to test-----------
-----------test Results-----------
|  Normed  | mse:83.7295 | mae:7.1082 | rmse:9.1504 | mape:1.0069 |
Epoch: 20 | Train Loss: 0.0951190 | Valid Loss: 0.8848841 Valid Metrics: [mae: 0.7684682, mse: 1.7049502, rmse: 1.3057374, mape: 0.2271815]
Epoch: 20 | Test Loss: 7.0627501 Test Metrics: [mae: 7.1082401, mse: 83.7295151, rmse: 9.1503830, mape: 1.0068979]
EarlyStopping counter: 1 out of 5
Updating learning rate to 3.584859224085419e-05
Epoch: 21 cost time: 6.67s
--------start to validate-----------
-----------valid Results-----------
|  Normed  | mse:1.6408 | mae:0.7557 | rmse:1.2809 | mape:0.2217 |
--------start to test-----------
-----------test Results-----------
|  Normed  | mse:94.0817 | mae:7.4248 | rmse:9.6996 | mape:1.0490 |
Epoch: 21 | Train Loss: 0.0943555 | Valid Loss: 0.8731204 Valid Metrics: [mae: 0.7556983, mse: 1.6408260, rmse: 1.2809473, mape: 0.2216983]
Epoch: 21 | Test Loss: 7.3683008 Test Metrics: [mae: 7.4247680, mse: 94.0817413, rmse: 9.6995745, mape: 1.0490301]
EarlyStopping counter: 2 out of 5
Updating learning rate to 3.405616262881148e-05
Epoch: 22 cost time: 6.59s
--------start to validate-----------
-----------valid Results-----------
|  Normed  | mse:1.6354 | mae:0.7683 | rmse:1.2788 | mape:0.2284 |
--------start to test-----------
-----------test Results-----------
|  Normed  | mse:72.9685 | mae:6.5983 | rmse:8.5422 | mape:0.9358 |
Epoch: 22 | Train Loss: 0.0937241 | Valid Loss: 0.8819190 Valid Metrics: [mae: 0.7682722, mse: 1.6354411, rmse: 1.2788436, mape: 0.2284306]
Epoch: 22 | Test Loss: 6.5572756 Test Metrics: [mae: 6.5982976, mse: 72.9684601, rmse: 8.5421581, mape: 0.9358357]
EarlyStopping counter: 3 out of 5
Updating learning rate to 3.2353354497370904e-05
Epoch: 23 cost time: 6.62s
--------start to validate-----------
-----------valid Results-----------
|  Normed  | mse:1.6086 | mae:0.7571 | rmse:1.2683 | mape:0.2239 |
--------start to test-----------
-----------test Results-----------
|  Normed  | mse:76.5231 | mae:6.7677 | rmse:8.7477 | mape:0.9593 |
Epoch: 23 | Train Loss: 0.0920207 | Valid Loss: 0.8716537 Valid Metrics: [mae: 0.7571421, mse: 1.6086498, rmse: 1.2683256, mape: 0.2238919]
Epoch: 23 | Test Loss: 6.7219840 Test Metrics: [mae: 6.7676859, mse: 76.5230789, rmse: 8.7477474, mape: 0.9592529]
EarlyStopping counter: 4 out of 5
Updating learning rate to 3.073568677250236e-05
Epoch: 24 cost time: 6.60s
--------start to validate-----------
-----------valid Results-----------
|  Normed  | mse:1.5631 | mae:0.7378 | rmse:1.2502 | mape:0.2156 |
--------start to test-----------
-----------test Results-----------
|  Normed  | mse:73.6088 | mae:6.6613 | rmse:8.5796 | mape:0.9455 |
Epoch: 24 | Train Loss: 0.0922318 | Valid Loss: 0.8567468 Valid Metrics: [mae: 0.7377871, mse: 1.5630744, rmse: 1.2502297, mape: 0.2156113]
Epoch: 24 | Test Loss: 6.6172836 Test Metrics: [mae: 6.6613278, mse: 73.6088257, rmse: 8.5795584, mape: 0.9455372]
EarlyStopping counter: 5 out of 5
Early stopping
Total training time: 202.41 seconds (3.37 minutes)
save model in  exp/run_GPU_336_192/DPAD_GCN_gpu_ftM_sl336_pl192_imp6_lr0.0001_bs32_eh256_dh256_l2_dp0.1_itr0/gpu192.bin
>>>>>>>testing : DPAD_GCN_gpu_ftM_sl336_pl192_imp6_lr0.0001_bs32_eh256_dh256_l2_dp0.1_itr0<<<<<<<<<<<<<<<<<<<<<<<<<<<<<<<<<
Test Results:
|  Normed  | mse:73.6088 | mae:6.6613 | rmse:8.5796 | mape:0.9455 |
Training Time: 202.41 seconds (3.37 minutes)
시각화 이미지 저장 완료: exp/ETT_results/DPAD_GCN_gpu_ftM_sl336_pl192_imp6_lr0.0001_bs32_eh256_dh256_l2_dp0.1_itr0/
- prediction_results.png: 예측 결과 시각화
- analysis_summary.png: 분석 요약 대시보드
Final mean normed mse:73.6088, mae:6.6613, rmse:8.5796, mape:0.9455, training_time:202.41s
성공: gpu_336-192
완료 시간: Sat 24 May 2025 07:35:05 PM KST

==========================================================
실행 설정: gpu_336-336
시작 시간: Sat 24 May 2025 07:35:05 PM KST
==========================================================
사용할 배치 크기: 16
test 382
>>>>>>>start training : DPAD_GCN_gpu_ftM_sl336_pl336_imp6_lr0.0001_bs16_eh256_dh256_l2_dp0.1_itr0>>>>>>>>>>>>>>>>>>>>>>>>>>
train 1838
val 24
test 382
exp/run_GPU_336_336/DPAD_GCN_gpu_ftM_sl336_pl336_imp6_lr0.0001_bs16_eh256_dh256_l2_dp0.1_itr0
	iters: 100, epoch: 1 | loss: 0.2241406
	speed: 0.1265s/iter; left time: 1429.2222s
Epoch: 1 cost time: 13.99s
--------start to validate-----------
-----------valid Results-----------
|  Normed  | mse:4.0894 | mae:1.2330 | rmse:2.0222 | mape:0.2795 |
--------start to test-----------
-----------test Results-----------
|  Normed  | mse:41.7147 | mae:5.5159 | rmse:6.4587 | mape:0.7971 |
Epoch: 1 | Train Loss: 0.2405237 | Valid Loss: 1.2646091 Valid Metrics: [mae: 1.2330251, mse: 4.0894089, rmse: 2.0222287, mape: 0.2794926]
Epoch: 1 | Test Loss: 5.5132656 Test Metrics: [mae: 5.5159059, mse: 41.7146645, rmse: 6.4586892, mape: 0.7971219]
Validation loss decreased (inf --> 1.264609).  Saving model ...
Updating learning rate to 9.5e-05
	iters: 100, epoch: 2 | loss: 0.1465338
	speed: 0.1215s/iter; left time: 1359.5949s
Epoch: 2 cost time: 10.56s
--------start to validate-----------
-----------valid Results-----------
|  Normed  | mse:3.5920 | mae:1.1116 | rmse:1.8953 | mape:0.2441 |
--------start to test-----------
-----------test Results-----------
|  Normed  | mse:90.9903 | mae:7.8992 | rmse:9.5389 | mape:1.1128 |
Epoch: 2 | Train Loss: 0.1712317 | Valid Loss: 1.1366491 Valid Metrics: [mae: 1.1115839, mse: 3.5919728, rmse: 1.8952501, mape: 0.2441328]
Epoch: 2 | Test Loss: 7.9033674 Test Metrics: [mae: 7.8991780, mse: 90.9903336, rmse: 9.5388851, mape: 1.1127560]
Validation loss decreased (1.264609 --> 1.136649).  Saving model ...
Updating learning rate to 9.025e-05
	iters: 100, epoch: 3 | loss: 0.1454842
	speed: 0.1225s/iter; left time: 1356.0562s
Epoch: 3 cost time: 10.60s
--------start to validate-----------
-----------valid Results-----------
|  Normed  | mse:3.4216 | mae:1.0666 | rmse:1.8498 | mape:0.2317 |
--------start to test-----------
-----------test Results-----------
|  Normed  | mse:75.1856 | mae:7.1117 | rmse:8.6710 | mape:1.0014 |
Epoch: 3 | Train Loss: 0.1578182 | Valid Loss: 1.1167693 Valid Metrics: [mae: 1.0666077, mse: 3.4215965, rmse: 1.8497558, mape: 0.2316516]
Epoch: 3 | Test Loss: 7.1211796 Test Metrics: [mae: 7.1117282, mse: 75.1856384, rmse: 8.6709652, mape: 1.0014243]
Validation loss decreased (1.136649 --> 1.116769).  Saving model ...
Updating learning rate to 8.573749999999999e-05
	iters: 100, epoch: 4 | loss: 0.1683870
	speed: 0.1224s/iter; left time: 1341.2754s
Epoch: 4 cost time: 10.57s
--------start to validate-----------
-----------valid Results-----------
|  Normed  | mse:2.9555 | mae:0.9561 | rmse:1.7192 | mape:0.2029 |
--------start to test-----------
-----------test Results-----------
|  Normed  | mse:73.8903 | mae:6.8549 | rmse:8.5959 | mape:0.9602 |
Epoch: 4 | Train Loss: 0.1415436 | Valid Loss: 1.0025152 Valid Metrics: [mae: 0.9560809, mse: 2.9554904, rmse: 1.7191540, mape: 0.2028981]
Epoch: 4 | Test Loss: 6.8697998 Test Metrics: [mae: 6.8548651, mse: 73.8903351, rmse: 8.5959492, mape: 0.9601877]
Validation loss decreased (1.116769 --> 1.002515).  Saving model ...
Updating learning rate to 8.1450625e-05
	iters: 100, epoch: 5 | loss: 0.1359883
	speed: 0.1220s/iter; left time: 1323.1404s
Epoch: 5 cost time: 10.54s
--------start to validate-----------
-----------valid Results-----------
|  Normed  | mse:2.5484 | mae:0.8497 | rmse:1.5964 | mape:0.1756 |
--------start to test-----------
-----------test Results-----------
|  Normed  | mse:85.6673 | mae:7.4083 | rmse:9.2557 | mape:1.0351 |
Epoch: 5 | Train Loss: 0.1371989 | Valid Loss: 0.9003205 Valid Metrics: [mae: 0.8496719, mse: 2.5484207, rmse: 1.5963774, mape: 0.1755530]
Epoch: 5 | Test Loss: 7.4265100 Test Metrics: [mae: 7.4083147, mse: 85.6672516, rmse: 9.2556601, mape: 1.0350988]
Validation loss decreased (1.002515 --> 0.900320).  Saving model ...
Updating learning rate to 7.737809374999998e-05
	iters: 100, epoch: 6 | loss: 0.1119172
	speed: 0.1224s/iter; left time: 1313.6276s
Epoch: 6 cost time: 10.51s
--------start to validate-----------
-----------valid Results-----------
|  Normed  | mse:2.5262 | mae:0.8348 | rmse:1.5894 | mape:0.1698 |
--------start to test-----------
-----------test Results-----------
|  Normed  | mse:115.9304 | mae:8.6635 | rmse:10.7671 | mape:1.2058 |
Epoch: 6 | Train Loss: 0.1293538 | Valid Loss: 0.8635737 Valid Metrics: [mae: 0.8348293, mse: 2.5262384, rmse: 1.5894145, mape: 0.1698264]
Epoch: 6 | Test Loss: 8.6854363 Test Metrics: [mae: 8.6634922, mse: 115.9304428, rmse: 10.7671003, mape: 1.2057534]
Validation loss decreased (0.900320 --> 0.863574).  Saving model ...
Updating learning rate to 7.350918906249998e-05
	iters: 100, epoch: 7 | loss: 0.1192980
	speed: 0.1221s/iter; left time: 1295.8084s
Epoch: 7 cost time: 10.52s
--------start to validate-----------
-----------valid Results-----------
|  Normed  | mse:2.3443 | mae:0.7938 | rmse:1.5311 | mape:0.1628 |
--------start to test-----------
-----------test Results-----------
|  Normed  | mse:88.6984 | mae:7.6657 | rmse:9.4180 | mape:1.0746 |
Epoch: 7 | Train Loss: 0.1251325 | Valid Loss: 0.8288918 Valid Metrics: [mae: 0.7937627, mse: 2.3443077, rmse: 1.5311133, mape: 0.1628247]
Epoch: 7 | Test Loss: 7.6824027 Test Metrics: [mae: 7.6657434, mse: 88.6984482, rmse: 9.4179850, mape: 1.0745827]
Validation loss decreased (0.863574 --> 0.828892).  Saving model ...
Updating learning rate to 6.983372960937497e-05
	iters: 100, epoch: 8 | loss: 0.1143439
	speed: 0.1217s/iter; left time: 1278.3045s
Epoch: 8 cost time: 10.50s
--------start to validate-----------
-----------valid Results-----------
|  Normed  | mse:2.2923 | mae:0.7750 | rmse:1.5140 | mape:0.1557 |
--------start to test-----------
-----------test Results-----------
|  Normed  | mse:83.0089 | mae:7.3210 | rmse:9.1109 | mape:1.0248 |
Epoch: 8 | Train Loss: 0.1262688 | Valid Loss: 0.8087572 Valid Metrics: [mae: 0.7749658, mse: 2.2922533, rmse: 1.5140189, mape: 0.1557382]
Epoch: 8 | Test Loss: 7.3359319 Test Metrics: [mae: 7.3210492, mse: 83.0088577, rmse: 9.1109200, mape: 1.0247958]
Validation loss decreased (0.828892 --> 0.808757).  Saving model ...
Updating learning rate to 6.634204312890623e-05
	iters: 100, epoch: 9 | loss: 0.1179942
	speed: 0.1217s/iter; left time: 1264.8497s
Epoch: 9 cost time: 10.53s
--------start to validate-----------
-----------valid Results-----------
|  Normed  | mse:2.4328 | mae:0.8150 | rmse:1.5597 | mape:0.1669 |
--------start to test-----------
-----------test Results-----------
|  Normed  | mse:102.6241 | mae:8.1776 | rmse:10.1304 | mape:1.1417 |
Epoch: 9 | Train Loss: 0.1205537 | Valid Loss: 0.8475955 Valid Metrics: [mae: 0.8149948, mse: 2.4327543, rmse: 1.5597289, mape: 0.1668787]
Epoch: 9 | Test Loss: 8.1953479 Test Metrics: [mae: 8.1776161, mse: 102.6241302, rmse: 10.1303568, mape: 1.1417310]
EarlyStopping counter: 1 out of 5
Updating learning rate to 6.30249409724609e-05
	iters: 100, epoch: 10 | loss: 0.0997391
	speed: 0.1218s/iter; left time: 1251.9086s
Epoch: 10 cost time: 10.60s
--------start to validate-----------
-----------valid Results-----------
|  Normed  | mse:2.5013 | mae:0.8262 | rmse:1.5816 | mape:0.1672 |
--------start to test-----------
-----------test Results-----------
|  Normed  | mse:83.9437 | mae:7.4031 | rmse:9.1621 | mape:1.0385 |
Epoch: 10 | Train Loss: 0.1178931 | Valid Loss: 0.8536132 Valid Metrics: [mae: 0.8261616, mse: 2.5013447, rmse: 1.5815639, mape: 0.1672447]
Epoch: 10 | Test Loss: 7.4170741 Test Metrics: [mae: 7.4031157, mse: 83.9437408, rmse: 9.1620817, mape: 1.0385388]
EarlyStopping counter: 2 out of 5
Updating learning rate to 5.987369392383787e-05
	iters: 100, epoch: 11 | loss: 0.1112257
	speed: 0.1214s/iter; left time: 1233.3432s
Epoch: 11 cost time: 10.49s
--------start to validate-----------
-----------valid Results-----------
|  Normed  | mse:2.2383 | mae:0.7701 | rmse:1.4961 | mape:0.1593 |
--------start to test-----------
-----------test Results-----------
|  Normed  | mse:119.6422 | mae:8.7319 | rmse:10.9381 | mape:1.2135 |
Epoch: 11 | Train Loss: 0.1160451 | Valid Loss: 0.8019910 Valid Metrics: [mae: 0.7701085, mse: 2.2383428, rmse: 1.4961092, mape: 0.1592593]
Epoch: 11 | Test Loss: 8.7532592 Test Metrics: [mae: 8.7318726, mse: 119.6421967, rmse: 10.9381075, mape: 1.2135166]
Validation loss decreased (0.808757 --> 0.801991).  Saving model ...
Updating learning rate to 5.688000922764597e-05
	iters: 100, epoch: 12 | loss: 0.1149949
	speed: 0.1230s/iter; left time: 1235.8043s
Epoch: 12 cost time: 10.66s
--------start to validate-----------
-----------valid Results-----------
|  Normed  | mse:2.4728 | mae:0.8196 | rmse:1.5725 | mape:0.1654 |
--------start to test-----------
-----------test Results-----------
|  Normed  | mse:92.3619 | mae:7.6581 | rmse:9.6105 | mape:1.0690 |
Epoch: 12 | Train Loss: 0.1139695 | Valid Loss: 0.8477485 Valid Metrics: [mae: 0.8196464, mse: 2.4727871, rmse: 1.5725098, mape: 0.1654161]
Epoch: 12 | Test Loss: 7.6761925 Test Metrics: [mae: 7.6580677, mse: 92.3619385, rmse: 9.6105118, mape: 1.0689535]
EarlyStopping counter: 1 out of 5
Updating learning rate to 5.403600876626367e-05
	iters: 100, epoch: 13 | loss: 0.1240476
	speed: 0.1220s/iter; left time: 1211.8274s
Epoch: 13 cost time: 10.59s
--------start to validate-----------
-----------valid Results-----------
|  Normed  | mse:2.5404 | mae:0.8413 | rmse:1.5939 | mape:0.1733 |
--------start to test-----------
-----------test Results-----------
|  Normed  | mse:79.9903 | mae:7.1832 | rmse:8.9437 | mape:1.0078 |
Epoch: 13 | Train Loss: 0.1121009 | Valid Loss: 0.8683506 Valid Metrics: [mae: 0.8412932, mse: 2.5404162, rmse: 1.5938684, mape: 0.1732628]
Epoch: 13 | Test Loss: 7.1982350 Test Metrics: [mae: 7.1832309, mse: 79.9903183, rmse: 8.9437304, mape: 1.0077896]
EarlyStopping counter: 2 out of 5
Updating learning rate to 5.1334208327950485e-05
	iters: 100, epoch: 14 | loss: 0.1247551
	speed: 0.1208s/iter; left time: 1186.2795s
Epoch: 14 cost time: 10.51s
--------start to validate-----------
-----------valid Results-----------
|  Normed  | mse:2.2960 | mae:0.7776 | rmse:1.5153 | mape:0.1587 |
--------start to test-----------
-----------test Results-----------
|  Normed  | mse:91.2189 | mae:7.6881 | rmse:9.5509 | mape:1.0763 |
Epoch: 14 | Train Loss: 0.1100282 | Valid Loss: 0.8088908 Valid Metrics: [mae: 0.7775803, mse: 2.2960413, rmse: 1.5152694, mape: 0.1587213]
Epoch: 14 | Test Loss: 7.7047776 Test Metrics: [mae: 7.6881242, mse: 91.2189484, rmse: 9.5508614, mape: 1.0763321]
EarlyStopping counter: 3 out of 5
Updating learning rate to 4.876749791155295e-05
	iters: 100, epoch: 15 | loss: 0.1287384
	speed: 0.1207s/iter; left time: 1171.3586s
Epoch: 15 cost time: 10.48s
--------start to validate-----------
-----------valid Results-----------
|  Normed  | mse:2.2923 | mae:0.7856 | rmse:1.5140 | mape:0.1644 |
--------start to test-----------
-----------test Results-----------
|  Normed  | mse:91.6083 | mae:7.7022 | rmse:9.5712 | mape:1.0787 |
Epoch: 15 | Train Loss: 0.1085887 | Valid Loss: 0.8170188 Valid Metrics: [mae: 0.7855721, mse: 2.2922773, rmse: 1.5140269, mape: 0.1644436]
Epoch: 15 | Test Loss: 7.7183875 Test Metrics: [mae: 7.7022066, mse: 91.6083069, rmse: 9.5712233, mape: 1.0787469]
EarlyStopping counter: 4 out of 5
Updating learning rate to 4.6329123015975305e-05
	iters: 100, epoch: 16 | loss: 0.1110113
	speed: 0.1209s/iter; left time: 1159.2821s
Epoch: 16 cost time: 10.49s
--------start to validate-----------
-----------valid Results-----------
|  Normed  | mse:2.4510 | mae:0.8176 | rmse:1.5656 | mape:0.1673 |
--------start to test-----------
-----------test Results-----------
|  Normed  | mse:85.9769 | mae:7.3782 | rmse:9.2724 | mape:1.0323 |
Epoch: 16 | Train Loss: 0.1061853 | Valid Loss: 0.8458059 Valid Metrics: [mae: 0.8176146, mse: 2.4510107, rmse: 1.5655704, mape: 0.1672525]
Epoch: 16 | Test Loss: 7.3957370 Test Metrics: [mae: 7.3782468, mse: 85.9768524, rmse: 9.2723703, mape: 1.0323038]
EarlyStopping counter: 5 out of 5
Early stopping
Total training time: 198.35 seconds (3.31 minutes)
save model in  exp/run_GPU_336_336/DPAD_GCN_gpu_ftM_sl336_pl336_imp6_lr0.0001_bs16_eh256_dh256_l2_dp0.1_itr0/gpu336.bin
>>>>>>>testing : DPAD_GCN_gpu_ftM_sl336_pl336_imp6_lr0.0001_bs16_eh256_dh256_l2_dp0.1_itr0<<<<<<<<<<<<<<<<<<<<<<<<<<<<<<<<<
Test Results:
|  Normed  | mse:85.9769 | mae:7.3782 | rmse:9.2724 | mape:1.0323 |
Training Time: 198.35 seconds (3.31 minutes)
시각화 이미지 저장 완료: exp/ETT_results/DPAD_GCN_gpu_ftM_sl336_pl336_imp6_lr0.0001_bs16_eh256_dh256_l2_dp0.1_itr0/
- prediction_results.png: 예측 결과 시각화
- analysis_summary.png: 분석 요약 대시보드
Final mean normed mse:85.9769, mae:7.3782, rmse:9.2724, mape:1.0323, training_time:198.35s
성공: gpu_336-336
완료 시간: Sat 24 May 2025 07:38:37 PM KST

모든 실험 완료: Sat 24 May 2025 07:38:37 PM KST
