시작 시간: Sun 18 May 2025 01:18:48 AM KST
실행 노드: moana-r4
GPU 정보: GPU 0: NVIDIA GeForce RTX 3090 (UUID: GPU-05a8230b-1c8a-2bd5-fee4-6e1fdf92a8cb)
==========================================================
실행 설정: gpu_336-96
시작 시간: Sun 18 May 2025 01:18:48 AM KST
==========================================================
Traceback (most recent call last):
  File "/data/dhwlsgur795/repos/25_1_capstone/scripts/../singlecard.py", line 1, in <module>
    from experiments.exp_ETT import Exp_ETT
  File "/data/dhwlsgur795/repos/25_1_capstone/experiments/exp_ETT.py", line 6, in <module>
    import torch
ModuleNotFoundError: No module named 'torch'
/var/spool/slurm/d/job85396/slurm_script: line 49: logs/results/summary.txt: No such file or directory
/var/spool/slurm/d/job85396/slurm_script: line 50: logs/results/summary.txt: No such file or directory
/var/spool/slurm/d/job85396/slurm_script: line 51: logs/results/summary.txt: No such file or directory
완료 시간: Sun 18 May 2025 01:18:48 AM KST

==========================================================
실행 설정: gpu_336-192
시작 시간: Sun 18 May 2025 01:18:48 AM KST
==========================================================
Traceback (most recent call last):
  File "/data/dhwlsgur795/repos/25_1_capstone/scripts/../singlecard.py", line 1, in <module>
    from experiments.exp_ETT import Exp_ETT
  File "/data/dhwlsgur795/repos/25_1_capstone/experiments/exp_ETT.py", line 6, in <module>
    import torch
ModuleNotFoundError: No module named 'torch'
/var/spool/slurm/d/job85396/slurm_script: line 49: logs/results/summary.txt: No such file or directory
/var/spool/slurm/d/job85396/slurm_script: line 50: logs/results/summary.txt: No such file or directory
/var/spool/slurm/d/job85396/slurm_script: line 51: logs/results/summary.txt: No such file or directory
완료 시간: Sun 18 May 2025 01:18:48 AM KST

==========================================================
실행 설정: gpu_336-336
시작 시간: Sun 18 May 2025 01:18:48 AM KST
==========================================================
Traceback (most recent call last):
  File "/data/dhwlsgur795/repos/25_1_capstone/scripts/../singlecard.py", line 1, in <module>
    from experiments.exp_ETT import Exp_ETT
  File "/data/dhwlsgur795/repos/25_1_capstone/experiments/exp_ETT.py", line 6, in <module>
    import torch
ModuleNotFoundError: No module named 'torch'
/var/spool/slurm/d/job85396/slurm_script: line 49: logs/results/summary.txt: No such file or directory
/var/spool/slurm/d/job85396/slurm_script: line 50: logs/results/summary.txt: No such file or directory
/var/spool/slurm/d/job85396/slurm_script: line 51: logs/results/summary.txt: No such file or directory
완료 시간: Sun 18 May 2025 01:18:49 AM KST

==========================================================
실행 설정: gpu_336-720
시작 시간: Sun 18 May 2025 01:18:49 AM KST
==========================================================
Traceback (most recent call last):
  File "/data/dhwlsgur795/repos/25_1_capstone/scripts/../singlecard.py", line 1, in <module>
    from experiments.exp_ETT import Exp_ETT
  File "/data/dhwlsgur795/repos/25_1_capstone/experiments/exp_ETT.py", line 6, in <module>
    import torch
ModuleNotFoundError: No module named 'torch'
/var/spool/slurm/d/job85396/slurm_script: line 49: logs/results/summary.txt: No such file or directory
/var/spool/slurm/d/job85396/slurm_script: line 50: logs/results/summary.txt: No such file or directory
/var/spool/slurm/d/job85396/slurm_script: line 51: logs/results/summary.txt: No such file or directory
완료 시간: Sun 18 May 2025 01:18:49 AM KST

모든 실험 완료: Sun 18 May 2025 01:18:49 AM KST
